TN:
SF:/home/jonathan/Projects/infovulcan/admin/src/server.rs
FN:31,AdminServiceImpl::new
FN:41,AdminServiceImpl::map_role
FN:52,AdminServiceImpl::map_proto_role
FN:65,AdminServiceImpl::user_key
FN:71,AdminServiceImpl::user_to_proto
FN:84,AdminServiceImpl::decrypt_user
FN:95,AdminServiceImpl::encrypt_user
FN:105,AdminServiceImpl::update_password
FN:179,<impl AdminService for AdminServiceImpl>::create_user
FN:286,<impl AdminService for AdminServiceImpl>::get_user
FN:342,<impl AdminService for AdminServiceImpl>::list_users
FNF:11
FNDA:16,AdminServiceImpl::new
FNDA:19,AdminServiceImpl::map_role
FNDA:16,AdminServiceImpl::map_proto_role
FNDA:8,AdminServiceImpl::user_key
FNDA:7,AdminServiceImpl::user_to_proto
FNDA:8,AdminServiceImpl::decrypt_user
FNDA:2,AdminServiceImpl::encrypt_user
FNDA:1,AdminServiceImpl::update_password
FNDA:0,<impl AdminService for AdminServiceImpl>::create_user
FNDA:0,<impl AdminService for AdminServiceImpl>::get_user
FNDA:18,<impl AdminService for AdminServiceImpl>::list_users
DA:31,16
DA:41,19
DA:42,19
DA:43,3
DA:44,3
DA:45,2
DA:46,6
DA:47,2
DA:48,3
DA:52,16
DA:53,16
DA:54,3
DA:55,3
DA:56,1
DA:57,5
DA:58,1
DA:59,3
DA:65,8
DA:66,16
DA:67,24
DA:68,8
DA:71,7
DA:73,21
DA:74,21
DA:75,21
DA:76,21
DA:77,14
DA:78,14
DA:79,21
DA:84,8
DA:85,32
DA:86,8
DA:87,8
DA:88,24
DA:89,8
DA:90,16
DA:91,8
DA:95,2
DA:96,6
DA:97,2
DA:98,8
DA:99,2
DA:100,4
DA:101,2
DA:105,1
DA:112,3
DA:113,2
DA:114,3
DA:115,1
DA:118,3
DA:121,3
DA:122,2
DA:123,3
DA:124,1
DA:126,1
DA:128,3
DA:129,4
DA:130,1
DA:131,4
DA:132,1
DA:133,4
DA:134,1
DA:135,1
DA:137,0
DA:146,3
DA:147,1
DA:148,1
DA:149,3
DA:150,1
DA:151,3
DA:152,1
DA:154,2
DA:155,2
DA:156,3
DA:157,1
DA:158,1
DA:160,1
DA:161,1
DA:179,0
DA:191,0
DA:198,0
DA:215,0
DA:220,0
DA:223,0
DA:245,0
DA:286,0
DA:287,0
DA:294,0
DA:297,0
DA:342,18
LF:90
LH:78
end_of_record
TN:
SF:/home/jonathan/Projects/infovulcan/auth/src/server.rs
FN:33,AuthServiceImpl::new
FN:45,AuthServiceImpl::get_user_auth
FN:77,AuthServiceImpl::get_user_profile
FN:114,verify_totp
FN:153,<impl AuthService for AuthServiceImpl>::authenticate
FN:264,<impl AuthService for AuthServiceImpl>::validate_session
FNF:6
FNDA:9,AuthServiceImpl::new
FNDA:10,AuthServiceImpl::get_user_auth
FNDA:8,AuthServiceImpl::get_user_profile
FNDA:3,verify_totp
FNDA:0,<impl AuthService for AuthServiceImpl>::authenticate
FNDA:1,<impl AuthService for AuthServiceImpl>::validate_session
DA:33,9
DA:45,10
DA:46,10
DA:47,15
DA:49,14
DA:50,10
DA:51,10
DA:52,5
DA:54,5
DA:55,8
DA:57,12
DA:58,4
DA:59,1
DA:63,6
DA:64,6
DA:65,3
DA:67,3
DA:68,9
DA:69,3
DA:71,12
DA:72,3
DA:74,3
DA:77,8
DA:78,8
DA:79,12
DA:81,12
DA:82,8
DA:83,8
DA:84,4
DA:86,4
DA:87,4
DA:89,12
DA:90,4
DA:91,2
DA:95,4
DA:96,4
DA:97,2
DA:99,2
DA:100,6
DA:101,2
DA:103,8
DA:104,2
DA:106,2
DA:114,3
DA:116,5
DA:118,6
DA:119,8
DA:120,6
DA:121,2
DA:153,0
DA:172,0
DA:225,0
DA:240,3
DA:264,1
DA:284,3
LF:55
LH:52
end_of_record
TN:
SF:/home/jonathan/Projects/infovulcan/chaos/src/chaos_service.rs
FN:66,ChaosScenario::duration_ms
FN:81,ChaosServiceImpl::check_auth
FN:92,ChaosServiceImpl::authorize
FN:103,ChaosServiceImpl::parse_scenario
FN:185,<impl ChaosService for ChaosServiceImpl>::inject_scenario
FNF:5
FNDA:8,ChaosScenario::duration_ms
FNDA:11,ChaosServiceImpl::check_auth
FNDA:16,ChaosServiceImpl::authorize
FNDA:9,ChaosServiceImpl::parse_scenario
FNDA:1,<impl ChaosService for ChaosServiceImpl>::inject_scenario
DA:66,8
DA:67,8
DA:68,3
DA:69,2
DA:70,1
DA:71,1
DA:72,9
DA:81,11
DA:82,33
DA:83,22
DA:86,11
DA:87,44
DA:92,16
DA:93,3
DA:94,13
DA:95,9
DA:96,2
DA:97,2
DA:103,9
DA:104,18
DA:105,17
DA:106,24
DA:107,12
DA:108,16
DA:111,9
DA:112,9
DA:113,3
DA:114,6
DA:115,3
DA:116,7
DA:117,3
DA:118,6
DA:119,5
DA:120,3
DA:121,3
DA:123,6
DA:124,2
DA:125,4
DA:126,2
DA:127,6
DA:128,2
DA:129,4
DA:130,4
DA:131,2
DA:132,2
DA:134,4
DA:135,1
DA:136,2
DA:137,1
DA:138,1
DA:139,7
DA:140,1
DA:142,3
DA:143,7
DA:144,1
DA:146,3
DA:149,2
DA:150,6
DA:151,2
DA:152,3
DA:153,3
DA:154,2
DA:157,1
DA:159,2
DA:160,1
DA:185,1
DA:186,2
DA:187,4
DA:188,1
LF:69
LH:69
end_of_record
TN:
SF:/home/jonathan/Projects/infovulcan/custodian/src/admin_client.rs
FN:14,init
FN:30,push_snapshot
FNF:2
FNDA:2,init
FNDA:1,push_snapshot
DA:14,2
DA:15,12
DA:16,6
DA:19,4
DA:20,6
DA:21,2
DA:22,4
DA:23,4
DA:25,0
DA:30,1
DA:35,2
DA:36,2
DA:37,1
DA:39,0
DA:40,0
DA:43,0
DA:44,0
DA:51,0
LF:18
LH:12
end_of_record
TN:
SF:/home/jonathan/Projects/infovulcan/custodian/src/db_client.rs
FN:17,DbClient::connect
FN:27,DbClient::new_lazy
FN:39,DbClient::put
FN:58,DbClient::get
FN:75,DbClient::create_ticket
FN:96,DbClient::get_ticket
FN:120,DbClient::update_ticket
FN:141,DbClient::soft_delete_ticket
FN:156,DbClient::query_tickets
FNF:9
FNDA:22,DbClient::connect
FNDA:1,DbClient::new_lazy
FNDA:6,DbClient::put
FNDA:6,DbClient::get
FNDA:2,DbClient::create_ticket
FNDA:3,DbClient::get_ticket
FNDA:0,DbClient::update_ticket
FNDA:0,DbClient::soft_delete_ticket
FNDA:2,DbClient::query_tickets
DA:17,22
DA:18,30
DA:19,7
DA:20,7
DA:27,1
DA:28,3
DA:30,1
DA:39,6
DA:41,9
DA:45,12
DA:46,2
DA:47,1
DA:49,2
DA:58,6
DA:60,6
DA:63,12
DA:64,6
DA:65,4
DA:75,2
DA:80,6
DA:81,4
DA:82,4
DA:83,2
DA:84,2
DA:85,2
DA:87,2
DA:88,2
DA:96,3
DA:101,3
DA:102,3
DA:103,6
DA:104,3
DA:105,3
DA:107,3
DA:109,2
DA:110,5
DA:111,2
DA:120,0
DA:126,0
DA:127,0
DA:128,0
DA:129,0
DA:130,0
DA:132,0
DA:133,0
DA:141,0
DA:142,0
DA:143,0
DA:144,0
DA:145,0
DA:147,0
DA:148,0
DA:156,2
DA:157,5
DA:158,2
DA:159,10
DA:160,4
DA:162,1
LF:58
LH:43
end_of_record
TN:
SF:/home/jonathan/Projects/infovulcan/custodian/src/metrics.rs
FNF:0
DA:6,5
DA:7,5
DA:11,5
DA:14,3
DA:15,3
DA:19,3
DA:22,3
DA:23,3
DA:27,3
DA:30,3
DA:31,3
DA:35,3
DA:38,3
DA:39,3
DA:43,3
LF:15
LH:15
end_of_record
TN:
SF:/home/jonathan/Projects/infovulcan/custodian/src/network.rs
FN:702,<impl Default for CustodianNetworkFactory>::default
FN:709,CustodianNetworkFactory::new
FN:716,CustodianNetworkFactory::with_peers
FN:722,CustodianNetworkFactory::add_node
FN:728,CustodianNetworkFactory::get_peer_address
FN:737,<impl RaftNetworkFactory for CustodianNetworkFactory>::new_client
FN:758,CustodianNetwork::get_client
FN:784,<impl RaftNetwork for CustodianNetwork>::vote
FN:845,<impl RaftNetwork for CustodianNetwork>::append_entries
FN:941,<impl RaftNetwork for CustodianNetwork>::full_snapshot
FN:1018,<impl RaftNetwork for CustodianNetwork>::install_snapshot
FNF:11
FNDA:0,<impl Default for CustodianNetworkFactory>::default
FNDA:32,CustodianNetworkFactory::new
FNDA:9,CustodianNetworkFactory::with_peers
FNDA:10,CustodianNetworkFactory::add_node
FNDA:12,CustodianNetworkFactory::get_peer_address
FNDA:10,<impl RaftNetworkFactory for CustodianNetworkFactory>::new_client
FNDA:18,CustodianNetwork::get_client
FNDA:5,<impl RaftNetwork for CustodianNetwork>::vote
FNDA:7,<impl RaftNetwork for CustodianNetwork>::append_entries
FNDA:3,<impl RaftNetwork for CustodianNetwork>::full_snapshot
FNDA:3,<impl RaftNetwork for CustodianNetwork>::install_snapshot
DA:702,0
DA:703,0
DA:709,32
DA:711,32
DA:716,9
DA:718,9
DA:722,10
DA:723,30
DA:724,40
DA:725,30
DA:728,12
DA:729,36
DA:737,10
DA:742,20
DA:743,20
DA:744,12
DA:746,10
DA:758,18
DA:766,36
DA:769,38
DA:770,6
DA:772,12
DA:773,6
DA:777,39
DA:778,0
DA:784,5
DA:796,12
DA:798,5
DA:799,4
DA:802,2
DA:807,2
DA:815,10
DA:816,0
DA:818,6
DA:820,6
DA:821,2
DA:822,1
DA:827,1
DA:828,1
DA:829,1
DA:830,1
DA:832,1
DA:834,1
DA:835,2
DA:836,0
DA:837,0
DA:838,0
DA:840,0
DA:845,7
DA:857,20
DA:859,7
DA:860,8
DA:863,18
DA:864,6
DA:866,6
DA:868,0
DA:872,6
DA:873,0
DA:877,6
DA:882,6
DA:889,6
DA:897,30
DA:898,0
DA:900,18
DA:902,18
DA:903,2
DA:904,1
DA:909,9
DA:910,1
DA:912,2
DA:913,1
DA:914,1
DA:915,1
DA:917,1
DA:920,1
DA:921,1
DA:922,1
DA:923,1
DA:924,1
DA:926,1
DA:928,1
DA:929,1
DA:930,3
DA:931,1
DA:932,1
DA:938,4
DA:941,3
DA:951,9
DA:952,9
DA:955,9
DA:956,15
DA:957,12
DA:958,6
DA:959,3
DA:962,3
DA:967,0
DA:990,3
DA:991,5
DA:992,8
DA:993,6
DA:994,10
DA:995,0
DA:997,6
DA:998,6
DA:999,2
DA:1000,1
DA:1001,1
DA:1002,1
DA:1006,1
DA:1007,2
DA:1008,1
DA:1009,1
DA:1010,1
DA:1012,1
DA:1018,3
DA:1030,9
DA:1032,3
DA:1033,3
DA:1036,3
DA:1058,3
DA:1059,3
DA:1060,3
DA:1063,15
DA:1064,0
DA:1066,9
DA:1068,9
DA:1069,2
DA:1070,1
DA:1074,2
DA:1075,2
DA:1076,2
DA:1077,2
DA:1078,2
DA:1080,2
LF:134
LH:120
end_of_record
TN:
SF:/home/jonathan/Projects/infovulcan/custodian/src/raft.rs
FN:64,io_err
FN:75,log_read
FN:82,log_write
FN:89,sm_read
FN:96,sm_write
FN:103,vote_write
FN:108,log_w
FN:115,log_r
FN:132,CustodianStateMachine::new
FN:145,CustodianStateMachine::apply
FN:217,CustodianStore::storage
FN:234,RaftMetadata::new
FN:258,RaftMetadata::persist_vote
FN:269,RaftMetadata::persist_last_purged
FN:287,CustodianStore::new
FN:305,CustodianStore::new_temp
FN:319,CustodianStore::state_machine
FN:330,<impl RaftLogReader for CustodianLogReader>::try_get_log_entries
FN:385,<impl RaftLogReader for CustodianStore>::try_get_log_entries
FN:400,<impl RaftStorage for CustodianStore>::save_vote
FN:407,<impl RaftStorage for CustodianStore>::read_vote
FN:412,<impl RaftStorage for CustodianStore>::append_to_log
FN:438,<impl RaftStorage for CustodianStore>::delete_conflict_logs_since
FN:463,<impl RaftStorage for CustodianStore>::purge_logs_upto
FN:491,<impl RaftStorage for CustodianStore>::last_applied_state
FN:498,<impl RaftStorage for CustodianStore>::apply_to_state_machine
FN:536,<impl RaftStorage for CustodianStore>::begin_receiving_snapshot
FN:542,<impl RaftStorage for CustodianStore>::install_snapshot
FN:603,<impl RaftStorage for CustodianStore>::get_current_snapshot
FN:610,<impl RaftStorage for CustodianStore>::get_log_reader
FN:616,<impl RaftStorage for CustodianStore>::get_log_state
FN:637,<impl RaftStorage for CustodianStore>::get_snapshot_builder
FN:660,<impl RaftSnapshotBuilder for CustodianSnapshotBuilder>::build_snapshot
FNF:33
FNDA:4,io_err
FNDA:1,log_read
FNDA:0,log_write
FNDA:0,sm_read
FNDA:0,sm_write
FNDA:0,vote_write
FNDA:0,log_w
FNDA:2,log_r
FNDA:55,CustodianStateMachine::new
FNDA:17,CustodianStateMachine::apply
FNDA:24,CustodianStore::storage
FNDA:52,RaftMetadata::new
FNDA:19,RaftMetadata::persist_vote
FNDA:2,RaftMetadata::persist_last_purged
FNDA:8,CustodianStore::new
FNDA:44,CustodianStore::new_temp
FNDA:0,CustodianStore::state_machine
FNDA:18,<impl RaftLogReader for CustodianLogReader>::try_get_log_entries
FNDA:15,<impl RaftLogReader for CustodianStore>::try_get_log_entries
FNDA:34,<impl RaftStorage for CustodianStore>::save_vote
FNDA:59,<impl RaftStorage for CustodianStore>::read_vote
FNDA:30,<impl RaftStorage for CustodianStore>::append_to_log
FNDA:1,<impl RaftStorage for CustodianStore>::delete_conflict_logs_since
FNDA:4,<impl RaftStorage for CustodianStore>::purge_logs_upto
FNDA:58,<impl RaftStorage for CustodianStore>::last_applied_state
FNDA:14,<impl RaftStorage for CustodianStore>::apply_to_state_machine
FNDA:1,<impl RaftStorage for CustodianStore>::begin_receiving_snapshot
FNDA:4,<impl RaftStorage for CustodianStore>::install_snapshot
FNDA:28,<impl RaftStorage for CustodianStore>::get_current_snapshot
FNDA:37,<impl RaftStorage for CustodianStore>::get_log_reader
FNDA:110,<impl RaftStorage for CustodianStore>::get_log_state
FNDA:5,<impl RaftStorage for CustodianStore>::get_snapshot_builder
FNDA:5,<impl RaftSnapshotBuilder for CustodianSnapshotBuilder>::build_snapshot
DA:64,4
DA:69,28
DA:75,1
DA:77,1
DA:78,1
DA:79,1
DA:82,0
DA:84,0
DA:85,0
DA:86,0
DA:89,0
DA:91,0
DA:92,0
DA:93,0
DA:96,0
DA:98,0
DA:99,0
DA:100,0
DA:103,0
DA:104,0
DA:108,0
DA:110,0
DA:111,0
DA:112,0
DA:115,2
DA:117,2
DA:118,2
DA:119,2
DA:132,55
DA:135,55
DA:145,17
DA:148,17
DA:150,13
DA:151,13
DA:152,13
DA:153,13
DA:155,39
DA:158,3
DA:159,24
DA:161,3
DA:162,3
DA:163,3
DA:164,3
DA:165,3
DA:167,3
DA:172,10
DA:173,50
DA:174,10
DA:175,10
DA:176,10
DA:177,10
DA:182,8
DA:183,12
DA:185,7
DA:186,1
DA:187,1
DA:188,1
DA:191,9
DA:192,3
DA:193,3
DA:194,3
DA:195,3
DA:217,24
DA:218,48
DA:234,52
DA:236,261
DA:237,2
DA:239,51
DA:243,52
DA:244,209
DA:245,2
DA:247,51
DA:250,52
DA:251,104
DA:252,52
DA:253,52
DA:258,19
DA:259,37
DA:260,54
DA:261,90
DA:263,4
DA:265,19
DA:269,2
DA:270,4
DA:271,6
DA:272,2
DA:273,8
DA:275,0
DA:277,2
DA:287,8
DA:288,24
DA:289,48
DA:290,32
DA:291,32
DA:293,8
DA:294,16
DA:295,8
DA:296,8
DA:305,44
DA:306,88
DA:307,264
DA:308,176
DA:309,176
DA:311,44
DA:312,88
DA:313,44
DA:314,44
DA:319,0
DA:320,0
DA:330,18
DA:335,36
DA:336,28
DA:337,0
DA:338,4
DA:341,36
DA:342,4
DA:343,24
DA:344,4
DA:347,90
DA:349,36
DA:352,54
DA:353,72
DA:355,47
DA:356,116
DA:358,144
DA:359,1
DA:360,1
DA:361,1
DA:362,1
DA:366,51
DA:367,23
DA:369,1
DA:372,50
DA:373,54
DA:374,39
DA:376,75
DA:379,15
DA:385,15
DA:390,45
DA:391,45
DA:400,34
DA:401,32
DA:402,16
DA:403,48
DA:404,16
DA:407,59
DA:408,56
DA:409,28
DA:412,30
DA:417,150
DA:419,60
DA:420,60
DA:422,64
DA:423,34
DA:424,102
DA:425,136
DA:426,136
DA:429,90
DA:430,30
DA:432,60
DA:433,30
DA:435,30
DA:438,1
DA:442,2
DA:443,1
DA:444,2
DA:445,1
DA:448,3
DA:449,2
DA:451,5
DA:452,6
DA:453,6
DA:456,4
DA:458,3
DA:460,1
DA:463,4
DA:464,4
DA:465,2
DA:466,4
DA:467,2
DA:472,6
DA:473,4
DA:475,9
DA:476,9
DA:477,9
DA:480,8
DA:482,6
DA:484,4
DA:485,2
DA:486,4
DA:488,2
DA:491,58
DA:494,104
DA:495,104
DA:498,14
DA:502,26
DA:503,26
DA:505,33
DA:506,20
DA:508,40
DA:517,24
DA:518,7
DA:519,7
DA:520,28
DA:530,60
DA:533,13
DA:536,1
DA:539,2
DA:542,4
DA:548,9
DA:551,3
DA:553,9
DA:554,15
DA:555,12
DA:556,6
DA:557,6
DA:560,10
DA:561,4
DA:562,1
DA:563,1
DA:564,1
DA:565,1
DA:571,8
DA:572,2
DA:573,8
DA:574,2
DA:577,4
DA:578,2
DA:579,6
DA:582,4
DA:583,2
DA:586,4
DA:588,2
DA:590,2
DA:591,10
DA:592,2
DA:593,0
DA:594,0
DA:595,0
DA:596,0
DA:600,2
DA:603,28
DA:607,25
DA:610,37
DA:612,18
DA:616,110
DA:617,104
DA:618,260
DA:620,156
DA:621,3
DA:622,0
DA:623,4
DA:624,0
DA:626,51
DA:629,102
DA:631,51
DA:632,51
DA:633,51
DA:637,5
DA:641,4
DA:643,6
DA:644,4
DA:645,2
DA:660,5
DA:663,4
DA:665,6
DA:666,14
DA:667,8
DA:668,10
DA:673,8
DA:676,2
DA:677,6
DA:678,10
DA:679,8
DA:680,4
DA:683,4
DA:684,2
DA:685,4
DA:686,2
DA:687,10
DA:688,2
DA:689,0
DA:690,0
DA:691,0
DA:692,0
DA:693,0
DA:699,4
DA:700,0
DA:701,4
DA:705,4
DA:706,2
DA:709,2
DA:710,4
DA:711,4
LF:294
LH:260
end_of_record
TN:
SF:/home/jonathan/Projects/infovulcan/custodian/src/raft_service.rs
FN:25,encode_append_response
FN:60,RaftServiceImpl::new
FN:67,<impl RaftService for RaftServiceImpl>::vote
FN:126,<impl RaftService for RaftServiceImpl>::append_entries
FN:194,<impl RaftService for RaftServiceImpl>::install_snapshot
FNF:5
FNDA:5,encode_append_response
FNDA:2,RaftServiceImpl::new
FNDA:1,<impl RaftService for RaftServiceImpl>::vote
FNDA:0,<impl RaftService for RaftServiceImpl>::append_entries
FNDA:0,<impl RaftService for RaftServiceImpl>::install_snapshot
DA:25,5
DA:30,5
DA:31,1
DA:32,1
DA:34,3
DA:35,1
DA:36,1
DA:38,1
DA:40,1
DA:41,4
DA:42,2
DA:43,4
DA:44,2
DA:45,4
DA:46,2
DA:47,2
DA:60,2
DA:67,1
DA:73,0
DA:96,0
DA:126,0
DA:132,2
DA:134,2
DA:165,0
DA:194,0
DA:197,0
DA:236,0
LF:27
LH:20
end_of_record
TN:
SF:/home/jonathan/Projects/infovulcan/custodian/src/server.rs
FN:23,lock_ttl_secs
FN:32,init_metrics
FN:51,CustodianServiceImpl::with_db_client
FN:66,CustodianServiceImpl::new
FN:82,CustodianServiceImpl::dt_to_proto
FN:90,CustodianServiceImpl::map_next_action
FN:105,CustodianServiceImpl::proto_to_next_action
FN:117,CustodianServiceImpl::auto_close_to_proto
FN:127,CustodianServiceImpl::proto_to_auto_close
FN:138,CustodianServiceImpl::proto_to_dt
FN:144,CustodianServiceImpl::map_history_entry
FN:161,CustodianServiceImpl::map_network_device
FN:320,CustodianServiceImpl::domain_to_proto
FN:353,CustodianServiceImpl::encrypt_ticket
FN:366,CustodianServiceImpl::decrypt_ticket
FN:379,CustodianServiceImpl::ticket_index
FN:408,<impl CustodianService for CustodianServiceImpl>::get_ticket
FN:444,<impl CustodianService for CustodianServiceImpl>::query_tickets
FN:469,<impl CustodianService for CustodianServiceImpl>::create_ticket
FN:523,<impl CustodianService for CustodianServiceImpl>::acquire_lock
FN:564,<impl CustodianService for CustodianServiceImpl>::release_lock
FN:595,<impl CustodianService for CustodianServiceImpl>::update_ticket
FNF:22
FNDA:4,lock_ttl_secs
FNDA:1,init_metrics
FNDA:1,CustodianServiceImpl::with_db_client
FNDA:19,CustodianServiceImpl::new
FNDA:18,CustodianServiceImpl::dt_to_proto
FNDA:13,CustodianServiceImpl::map_next_action
FNDA:8,CustodianServiceImpl::proto_to_next_action
FNDA:4,CustodianServiceImpl::auto_close_to_proto
FNDA:4,CustodianServiceImpl::proto_to_auto_close
FNDA:3,CustodianServiceImpl::proto_to_dt
FNDA:5,CustodianServiceImpl::map_history_entry
FNDA:9,CustodianServiceImpl::map_network_device
FNDA:5,CustodianServiceImpl::domain_to_proto
FNDA:1,CustodianServiceImpl::encrypt_ticket
FNDA:0,CustodianServiceImpl::decrypt_ticket
FNDA:1,CustodianServiceImpl::ticket_index
FNDA:2,<impl CustodianService for CustodianServiceImpl>::get_ticket
FNDA:0,<impl CustodianService for CustodianServiceImpl>::query_tickets
FNDA:1,<impl CustodianService for CustodianServiceImpl>::create_ticket
FNDA:2,<impl CustodianService for CustodianServiceImpl>::acquire_lock
FNDA:2,<impl CustodianService for CustodianServiceImpl>::release_lock
FNDA:1,<impl CustodianService for CustodianServiceImpl>::update_ticket
DA:23,4
DA:24,4
DA:26,4
DA:32,1
DA:34,1
DA:51,1
DA:60,1
DA:66,19
DA:82,18
DA:83,54
DA:90,13
DA:92,20
DA:93,4
DA:94,2
DA:95,4
DA:96,4
DA:99,6
DA:101,7
DA:105,8
DA:107,7
DA:108,4
DA:109,2
DA:110,4
DA:111,4
DA:113,1
DA:117,4
DA:118,4
DA:119,1
DA:120,1
DA:121,1
DA:123,1
DA:127,4
DA:128,8
DA:129,1
DA:130,1
DA:131,1
DA:133,1
DA:138,3
DA:139,12
DA:140,12
DA:144,5
DA:145,15
DA:146,6
DA:147,2
DA:148,2
DA:149,2
DA:152,15
DA:153,10
DA:154,10
DA:161,9
DA:164,9
DA:165,9
DA:167,27
DA:168,27
DA:169,27
DA:170,9
DA:174,18
DA:176,1
DA:177,1
DA:178,1
DA:179,1
DA:181,4
DA:182,6
DA:183,1
DA:184,2
DA:185,2
DA:186,1
DA:187,1
DA:191,1
DA:192,1
DA:193,1
DA:194,1
DA:196,4
DA:197,6
DA:198,1
DA:199,2
DA:200,2
DA:201,1
DA:202,1
DA:206,1
DA:207,1
DA:208,1
DA:209,1
DA:211,4
DA:212,6
DA:213,1
DA:214,2
DA:215,2
DA:216,1
DA:217,1
DA:221,1
DA:222,1
DA:223,1
DA:224,1
DA:226,4
DA:227,6
DA:228,1
DA:229,2
DA:230,2
DA:231,1
DA:232,1
DA:236,1
DA:237,1
DA:238,1
DA:239,1
DA:241,4
DA:242,6
DA:243,1
DA:244,2
DA:245,2
DA:246,1
DA:247,1
DA:251,1
DA:252,1
DA:253,1
DA:254,1
DA:256,4
DA:257,6
DA:258,1
DA:259,2
DA:260,2
DA:261,1
DA:262,1
DA:266,2
DA:267,2
DA:268,2
DA:269,2
DA:271,8
DA:272,12
DA:273,2
DA:274,4
DA:275,4
DA:276,2
DA:277,2
DA:281,1
DA:282,1
DA:283,1
DA:284,1
DA:286,4
DA:287,6
DA:288,1
DA:289,2
DA:290,2
DA:291,1
DA:292,1
DA:300,0
DA:301,0
DA:302,0
DA:305,0
DA:306,0
DA:307,0
DA:308,0
DA:309,0
DA:315,9
DA:320,5
DA:322,5
DA:323,10
DA:324,10
DA:325,10
DA:326,10
DA:327,10
DA:328,10
DA:329,5
DA:330,5
DA:331,5
DA:332,10
DA:333,10
DA:334,10
DA:335,10
DA:336,10
DA:337,5
DA:338,10
DA:339,5
DA:340,15
DA:341,10
DA:342,10
DA:343,5
DA:348,5
DA:353,1
DA:354,3
DA:355,1
DA:356,4
DA:357,1
DA:358,2
DA:359,1
DA:366,0
DA:367,0
DA:368,0
DA:369,0
DA:370,0
DA:371,0
DA:372,0
DA:373,0
DA:374,0
DA:375,0
DA:379,1
DA:381,1
DA:382,2
DA:383,2
DA:384,2
DA:385,2
DA:386,2
DA:387,2
DA:408,2
DA:444,0
DA:469,1
DA:472,1
DA:504,0
DA:523,2
DA:544,2
DA:564,2
DA:595,1
DA:597,1
DA:604,0
DA:625,0
DA:667,0
DA:681,0
DA:718,2
DA:724,4
DA:725,4
DA:726,1
DA:728,3
DA:746,1
DA:749,2
LF:224
LH:200
end_of_record
TN:
SF:/home/jonathan/Projects/infovulcan/custodian/src/storage.rs
FN:35,LockInfo::is_expired
FN:52,Storage::new
FN:62,Storage::new_temp
FN:69,Storage::inner
FN:78,Storage::get_tree
FN:85,Storage::data_tree_names
FN:105,Storage::put
FN:116,Storage::get
FN:126,Storage::delete
FN:137,Storage::list
FN:171,Storage::exists
FN:182,Storage::acquire_lock
FN:195,Storage::acquire_lock_at
FN:219,Storage::release_lock
FN:229,Storage::is_locked
FN:239,Storage::get_lock_info
FN:255,Storage::get_all_locks
FN:299,LockCommand::apply
FNF:18
FNDA:11,LockInfo::is_expired
FNDA:8,Storage::new
FNDA:58,Storage::new_temp
FNDA:1,Storage::inner
FNDA:341,Storage::get_tree
FNDA:3,Storage::data_tree_names
FNDA:53,Storage::put
FNDA:136,Storage::get
FNDA:9,Storage::delete
FNDA:6,Storage::list
FNDA:16,Storage::exists
FNDA:10,Storage::acquire_lock
FNDA:24,Storage::acquire_lock_at
FNDA:8,Storage::release_lock
FNDA:16,Storage::is_locked
FNDA:30,Storage::get_lock_info
FNDA:3,Storage::get_all_locks
FNDA:4,LockCommand::apply
DA:35,11
DA:36,20
DA:52,8
DA:53,24
DA:54,8
DA:62,58
DA:63,174
DA:64,58
DA:69,1
DA:70,1
DA:78,341
DA:79,1364
DA:85,3
DA:86,9
DA:87,6
DA:88,6
DA:89,3
DA:90,3
DA:92,3
DA:95,30
DA:96,12
DA:105,53
DA:106,212
DA:107,212
DA:108,53
DA:116,136
DA:117,544
DA:118,594
DA:126,9
DA:127,36
DA:128,27
DA:129,9
DA:137,6
DA:143,24
DA:144,12
DA:146,18
DA:147,10
DA:149,3
DA:152,16
DA:153,30
DA:154,40
DA:156,12
DA:157,4
DA:159,1
DA:163,6
DA:171,16
DA:172,64
DA:173,48
DA:182,10
DA:183,60
DA:195,24
DA:202,72
DA:203,72
DA:207,72
DA:210,72
DA:211,120
DA:219,8
DA:220,24
DA:221,32
DA:229,16
DA:230,48
DA:231,64
DA:239,30
DA:240,90
DA:241,120
DA:242,21
DA:243,63
DA:244,21
DA:246,9
DA:255,3
DA:256,12
DA:257,6
DA:259,9
DA:260,18
DA:262,6
DA:263,6
DA:264,6
DA:266,24
DA:267,24
DA:270,3
DA:299,4
DA:300,4
DA:302,2
DA:303,2
DA:304,2
DA:305,2
DA:306,12
DA:307,8
LF:88
LH:88
end_of_record
TN:
SF:/home/jonathan/Projects/infovulcan/db/src/network.rs
FN:27,<impl Default for DbNetworkFactory>::default
FN:34,DbNetworkFactory::new
FN:41,DbNetworkFactory::with_peers
FN:47,DbNetworkFactory::add_node
FN:53,DbNetworkFactory::get_peer_address
FN:62,<impl RaftNetworkFactory for DbNetworkFactory>::new_client
FN:83,DbNetwork::get_client
FN:106,<impl RaftNetwork for DbNetwork>::vote
FN:176,<impl RaftNetwork for DbNetwork>::append_entries
FN:279,<impl RaftNetwork for DbNetwork>::full_snapshot
FN:365,<impl RaftNetwork for DbNetwork>::install_snapshot
FNF:11
FNDA:1,<impl Default for DbNetworkFactory>::default
FNDA:44,DbNetworkFactory::new
FNDA:21,DbNetworkFactory::with_peers
FNDA:14,DbNetworkFactory::add_node
FNDA:15,DbNetworkFactory::get_peer_address
FNDA:9,<impl RaftNetworkFactory for DbNetworkFactory>::new_client
FNDA:15,DbNetwork::get_client
FNDA:3,<impl RaftNetwork for DbNetwork>::vote
FNDA:6,<impl RaftNetwork for DbNetwork>::append_entries
FNDA:4,<impl RaftNetwork for DbNetwork>::full_snapshot
FNDA:2,<impl RaftNetwork for DbNetwork>::install_snapshot
DA:27,1
DA:28,1
DA:34,44
DA:36,44
DA:41,21
DA:43,21
DA:47,14
DA:48,42
DA:49,56
DA:50,42
DA:53,15
DA:54,45
DA:62,9
DA:67,18
DA:68,18
DA:69,10
DA:71,9
DA:83,15
DA:89,30
DA:92,30
DA:93,6
DA:95,5
DA:96,5
DA:99,36
DA:100,0
DA:106,3
DA:120,9
DA:121,3
DA:122,8
DA:124,3
DA:125,4
DA:129,2
DA:134,4
DA:141,10
DA:142,0
DA:145,6
DA:148,6
DA:149,2
DA:150,1
DA:155,1
DA:162,1
DA:163,2
DA:172,1
DA:176,6
DA:190,18
DA:191,6
DA:192,18
DA:194,6
DA:195,6
DA:198,18
DA:199,6
DA:201,6
DA:203,0
DA:207,6
DA:208,0
DA:213,6
DA:218,12
DA:223,6
DA:232,30
DA:233,0
DA:236,18
DA:239,18
DA:240,2
DA:241,1
DA:246,9
DA:247,1
DA:249,2
DA:250,1
DA:251,1
DA:252,1
DA:254,1
DA:257,1
DA:258,1
DA:259,1
DA:260,1
DA:261,1
DA:263,1
DA:265,1
DA:266,1
DA:267,3
DA:268,1
DA:269,1
DA:275,4
DA:279,4
DA:290,12
DA:293,12
DA:297,4
DA:302,0
DA:326,4
DA:327,5
DA:328,1
DA:330,11
DA:331,9
DA:332,1
DA:335,10
DA:336,0
DA:337,0
DA:341,6
DA:343,6
DA:344,1
DA:345,2
DA:346,1
DA:347,1
DA:352,2
DA:353,1
DA:354,1
DA:355,1
DA:357,1
DA:360,1
DA:365,2
DA:379,6
DA:380,2
DA:381,6
DA:383,2
DA:384,2
DA:388,2
DA:411,2
DA:412,2
DA:413,2
DA:417,10
DA:418,0
DA:421,6
DA:424,6
DA:425,2
DA:426,1
DA:431,1
DA:440,1
LF:127
LH:118
end_of_record
TN:
SF:/home/jonathan/Projects/infovulcan/db/src/raft.rs
FN:63,io_err
FN:74,log_read
FN:81,log_write
FN:88,sm_read
FN:95,sm_write
FN:102,vote_write
FN:107,log_w
FN:114,log_r
FN:131,DbStateMachine::new
FN:144,DbStateMachine::apply
FN:189,RaftMetadata::new
FN:213,RaftMetadata::persist_vote
FN:224,RaftMetadata::persist_last_purged
FN:242,DbStore::new
FN:260,DbStore::new_temp
FN:274,DbStore::state_machine
FN:285,<impl RaftLogReader for DbLogReader>::try_get_log_entries
FN:339,<impl RaftLogReader for DbStore>::try_get_log_entries
FN:353,<impl RaftStorage for DbStore>::save_vote
FN:360,<impl RaftStorage for DbStore>::read_vote
FN:365,<impl RaftStorage for DbStore>::append_to_log
FN:390,<impl RaftStorage for DbStore>::delete_conflict_logs_since
FN:415,<impl RaftStorage for DbStore>::purge_logs_upto
FN:443,<impl RaftStorage for DbStore>::last_applied_state
FN:450,<impl RaftStorage for DbStore>::apply_to_state_machine
FN:486,<impl RaftStorage for DbStore>::begin_receiving_snapshot
FN:492,<impl RaftStorage for DbStore>::install_snapshot
FN:524,<impl RaftStorage for DbStore>::get_current_snapshot
FN:531,<impl RaftStorage for DbStore>::get_log_reader
FN:537,<impl RaftStorage for DbStore>::get_log_state
FN:558,<impl RaftStorage for DbStore>::get_snapshot_builder
FN:579,<impl RaftSnapshotBuilder for DbSnapshotBuilder>::build_snapshot
FNF:32
FNDA:4,io_err
FNDA:1,log_read
FNDA:0,log_write
FNDA:0,sm_read
FNDA:0,sm_write
FNDA:0,vote_write
FNDA:0,log_w
FNDA:2,log_r
FNDA:86,DbStateMachine::new
FNDA:35,DbStateMachine::apply
FNDA:81,RaftMetadata::new
FNDA:66,RaftMetadata::persist_vote
FNDA:2,RaftMetadata::persist_last_purged
FNDA:12,DbStore::new
FNDA:69,DbStore::new_temp
FNDA:36,DbStore::state_machine
FNDA:45,<impl RaftLogReader for DbLogReader>::try_get_log_entries
FNDA:43,<impl RaftLogReader for DbStore>::try_get_log_entries
FNDA:112,<impl RaftStorage for DbStore>::save_vote
FNDA:69,<impl RaftStorage for DbStore>::read_vote
FNDA:72,<impl RaftStorage for DbStore>::append_to_log
FNDA:1,<impl RaftStorage for DbStore>::delete_conflict_logs_since
FNDA:4,<impl RaftStorage for DbStore>::purge_logs_upto
FNDA:72,<impl RaftStorage for DbStore>::last_applied_state
FNDA:55,<impl RaftStorage for DbStore>::apply_to_state_machine
FNDA:1,<impl RaftStorage for DbStore>::begin_receiving_snapshot
FNDA:3,<impl RaftStorage for DbStore>::install_snapshot
FNDA:36,<impl RaftStorage for DbStore>::get_current_snapshot
FNDA:105,<impl RaftStorage for DbStore>::get_log_reader
FNDA:130,<impl RaftStorage for DbStore>::get_log_state
FNDA:12,<impl RaftStorage for DbStore>::get_snapshot_builder
FNDA:12,<impl RaftSnapshotBuilder for DbSnapshotBuilder>::build_snapshot
DA:63,4
DA:68,28
DA:74,1
DA:76,1
DA:77,1
DA:78,1
DA:81,0
DA:83,0
DA:84,0
DA:85,0
DA:88,0
DA:90,0
DA:91,0
DA:92,0
DA:95,0
DA:97,0
DA:98,0
DA:99,0
DA:102,0
DA:103,0
DA:107,0
DA:109,0
DA:110,0
DA:111,0
DA:114,2
DA:116,2
DA:117,2
DA:118,2
DA:131,86
DA:134,86
DA:144,35
DA:145,140
DA:147,70
DA:148,6
DA:149,15
DA:151,6
DA:162,35
DA:189,81
DA:191,406
DA:192,2
DA:194,80
DA:198,81
DA:199,325
DA:200,2
DA:202,80
DA:205,81
DA:206,162
DA:207,81
DA:208,81
DA:213,66
DA:214,131
DA:215,195
DA:216,325
DA:218,4
DA:220,66
DA:224,2
DA:225,4
DA:226,6
DA:227,2
DA:228,8
DA:230,0
DA:232,2
DA:242,12
DA:243,36
DA:244,72
DA:245,48
DA:246,48
DA:248,12
DA:249,24
DA:250,12
DA:251,12
DA:260,69
DA:261,138
DA:262,414
DA:263,276
DA:264,276
DA:266,69
DA:267,138
DA:268,69
DA:269,69
DA:274,36
DA:275,72
DA:285,45
DA:289,90
DA:290,82
DA:291,0
DA:292,4
DA:295,90
DA:296,4
DA:297,78
DA:298,4
DA:301,225
DA:303,90
DA:306,135
DA:307,180
DA:309,117
DA:310,288
DA:312,359
DA:313,1
DA:314,1
DA:315,1
DA:316,1
DA:320,137
DA:321,66
DA:323,1
DA:326,136
DA:327,140
DA:328,82
DA:330,204
DA:333,42
DA:339,43
DA:343,129
DA:344,129
DA:353,112
DA:354,94
DA:355,47
DA:356,141
DA:357,47
DA:360,69
DA:361,58
DA:362,29
DA:365,72
DA:369,360
DA:371,144
DA:372,144
DA:374,144
DA:375,72
DA:376,216
DA:377,288
DA:378,288
DA:381,216
DA:382,72
DA:384,144
DA:385,72
DA:387,72
DA:390,1
DA:394,2
DA:395,1
DA:396,2
DA:397,1
DA:400,3
DA:401,2
DA:403,4
DA:404,3
DA:405,3
DA:408,4
DA:410,3
DA:412,1
DA:415,4
DA:416,4
DA:417,2
DA:418,4
DA:419,2
DA:424,6
DA:425,4
DA:427,8
DA:428,6
DA:429,6
DA:432,8
DA:434,6
DA:436,4
DA:437,2
DA:438,4
DA:440,2
DA:443,72
DA:446,100
DA:447,100
DA:450,55
DA:454,80
DA:455,80
DA:457,103
DA:458,63
DA:460,126
DA:468,68
DA:469,23
DA:470,23
DA:471,92
DA:480,189
DA:483,40
DA:486,1
DA:489,2
DA:492,3
DA:497,9
DA:500,10
DA:501,4
DA:502,1
DA:503,1
DA:504,1
DA:505,1
DA:511,32
DA:512,10
DA:513,40
DA:514,10
DA:517,4
DA:518,2
DA:519,6
DA:521,2
DA:524,36
DA:528,25
DA:531,105
DA:533,45
DA:537,130
DA:538,108
DA:539,270
DA:541,164
DA:542,9
DA:543,4
DA:544,10
DA:545,2
DA:547,51
DA:550,106
DA:552,53
DA:553,53
DA:554,53
DA:558,12
DA:562,10
DA:564,15
DA:565,10
DA:566,5
DA:579,12
DA:583,10
DA:585,25
DA:586,105
DA:587,63
DA:588,80
DA:593,20
DA:597,10
DA:598,0
DA:599,10
DA:603,10
DA:604,5
DA:607,5
DA:608,10
DA:609,10
LF:234
LH:213
end_of_record
TN:
SF:/home/jonathan/Projects/infovulcan/db/src/raft_service.rs
FN:23,encode_append_response
FN:59,RaftServiceImpl::new
FN:66,<impl RaftService for RaftServiceImpl>::vote
FN:131,<impl RaftService for RaftServiceImpl>::append_entries
FN:206,<impl RaftService for RaftServiceImpl>::install_snapshot
FNF:5
FNDA:5,encode_append_response
FNDA:7,RaftServiceImpl::new
FNDA:2,<impl RaftService for RaftServiceImpl>::vote
FNDA:1,<impl RaftService for RaftServiceImpl>::append_entries
FNDA:1,<impl RaftService for RaftServiceImpl>::install_snapshot
DA:23,5
DA:28,5
DA:29,1
DA:30,1
DA:32,3
DA:33,1
DA:34,1
DA:36,1
DA:38,1
DA:39,4
DA:40,2
DA:41,4
DA:42,2
DA:43,4
DA:44,2
DA:45,2
DA:59,7
DA:66,2
DA:74,1
DA:98,0
DA:131,1
DA:137,4
DA:139,2
DA:171,0
DA:206,1
DA:209,1
DA:249,0
LF:27
LH:24
end_of_record
TN:
SF:/home/jonathan/Projects/infovulcan/db/src/server.rs
FN:22,ticket_index_from_proto
FN:36,user_index_from_proto
FN:45,ticket_record
FN:54,user_record
FN:76,DatabaseService::new
FN:98,<impl Database for DatabaseService>::create_ticket
FN:125,<impl Database for DatabaseService>::get_ticket
FN:150,<impl Database for DatabaseService>::update_ticket
FN:175,<impl Database for DatabaseService>::soft_delete_ticket
FN:187,<impl Database for DatabaseService>::query_tickets
FN:222,<impl Database for DatabaseService>::create_user
FN:231,<impl Database for DatabaseService>::get_user
FN:259,<impl Database for DatabaseService>::update_user
FN:282,<impl Database for DatabaseService>::soft_delete_user
FN:288,<impl Database for DatabaseService>::put
FN:307,<impl Database for DatabaseService>::get
FNF:16
FNDA:4,ticket_index_from_proto
FNDA:1,user_index_from_proto
FNDA:3,ticket_record
FNDA:1,user_record
FNDA:10,DatabaseService::new
FNDA:0,<impl Database for DatabaseService>::create_ticket
FNDA:0,<impl Database for DatabaseService>::get_ticket
FNDA:0,<impl Database for DatabaseService>::update_ticket
FNDA:0,<impl Database for DatabaseService>::soft_delete_ticket
FNDA:3,<impl Database for DatabaseService>::query_tickets
FNDA:0,<impl Database for DatabaseService>::create_user
FNDA:2,<impl Database for DatabaseService>::get_user
FNDA:0,<impl Database for DatabaseService>::update_user
FNDA:0,<impl Database for DatabaseService>::soft_delete_user
FNDA:3,<impl Database for DatabaseService>::put
FNDA:4,<impl Database for DatabaseService>::get
DA:22,4
DA:23,12
DA:25,16
DA:26,8
DA:27,8
DA:28,8
DA:29,8
DA:30,4
DA:31,4
DA:36,1
DA:37,3
DA:39,2
DA:40,2
DA:41,2
DA:45,3
DA:48,9
DA:49,3
DA:50,3
DA:54,1
DA:57,3
DA:58,1
DA:59,1
DA:76,10
DA:98,0
DA:105,12
DA:107,0
DA:125,0
DA:150,0
DA:156,0
DA:175,0
DA:187,3
DA:197,0
DA:199,3
DA:222,0
DA:231,2
DA:236,0
DA:259,0
DA:263,0
DA:282,0
DA:288,3
DA:307,4
DA:346,1
DA:358,9
DA:385,4
DA:435,2
DA:441,2
LF:46
LH:34
end_of_record
TN:
SF:/home/jonathan/Projects/infovulcan/db/src/storage.rs
FN:64,Storage::new
FN:74,Storage::new_temp
FN:81,Storage::inner
FN:90,Storage::get_tree
FN:98,Storage::data_tree_names
FN:118,Storage::put
FN:135,Storage::get
FN:145,Storage::delete
FN:157,Storage::list
FN:183,Storage::exists
FN:193,Storage::batch_put
FN:268,index_key
FN:277,index_prefix
FN:293,Storage::next_id
FN:314,Storage::ticket_index_entries
FN:337,Storage::write_ticket_indexes
FN:357,Storage::create_ticket
FN:379,Storage::get_ticket
FN:398,Storage::update_ticket
FN:431,Storage::soft_delete_ticket
FN:449,Storage::all_ticket_ids
FN:457,Storage::scan_index_ids
FN:474,Storage::scan_index_ids_str
FN:492,Storage::query_tickets
FN:542,Storage::user_index_entries
FN:550,Storage::write_user_indexes
FN:575,Storage::create_user
FN:596,Storage::get_user
FN:615,Storage::update_user
FN:645,Storage::soft_delete_user
FN:723,LogEntry::apply
FNF:31
FNDA:12,Storage::new
FNDA:138,Storage::new_temp
FNDA:0,Storage::inner
FNDA:1051,Storage::get_tree
FNDA:8,Storage::data_tree_names
FNDA:196,Storage::put
FNDA:278,Storage::get
FNDA:15,Storage::delete
FNDA:31,Storage::list
FNDA:11,Storage::exists
FNDA:10,Storage::batch_put
FNDA:228,index_key
FNDA:19,index_prefix
FNDA:24,Storage::next_id
FNDA:32,Storage::ticket_index_entries
FNDA:32,Storage::write_ticket_indexes
FNDA:22,Storage::create_ticket
FNDA:24,Storage::get_ticket
FNDA:2,Storage::update_ticket
FNDA:6,Storage::soft_delete_ticket
FNDA:2,Storage::all_ticket_ids
FNDA:14,Storage::scan_index_ids
FNDA:5,Storage::scan_index_ids_str
FNDA:9,Storage::query_tickets
FNDA:12,Storage::user_index_entries
FNDA:12,Storage::write_user_indexes
FNDA:4,Storage::create_user
FNDA:9,Storage::get_user
FNDA:2,Storage::update_user
FNDA:4,Storage::soft_delete_user
FNDA:52,LogEntry::apply
DA:64,12
DA:65,36
DA:66,12
DA:74,138
DA:75,414
DA:76,138
DA:81,0
DA:82,0
DA:90,1051
DA:91,4204
DA:98,8
DA:99,24
DA:100,16
DA:101,16
DA:102,8
DA:103,8
DA:105,8
DA:108,119
DA:109,74
DA:118,196
DA:119,784
DA:120,784
DA:126,392
DA:127,196
DA:135,278
DA:136,1112
DA:137,1324
DA:145,15
DA:146,60
DA:147,45
DA:148,30
DA:149,15
DA:157,31
DA:163,124
DA:164,93
DA:165,52
DA:167,15
DA:170,93
DA:171,93
DA:172,239
DA:175,31
DA:183,11
DA:184,44
DA:185,33
DA:193,10
DA:194,40
DA:195,20
DA:196,76
DA:197,110
DA:199,30
DA:200,20
DA:201,10
DA:268,228
DA:269,912
DA:270,684
DA:271,456
DA:272,684
DA:273,228
DA:277,19
DA:278,57
DA:279,57
DA:280,38
DA:281,19
DA:293,24
DA:294,96
DA:295,120
DA:296,48
DA:297,10
DA:298,60
DA:299,30
DA:301,14
DA:303,24
DA:305,48
DA:306,72
DA:307,72
DA:310,24
DA:311,24
DA:314,32
DA:315,64
DA:316,32
DA:317,96
DA:318,96
DA:320,64
DA:321,32
DA:324,64
DA:325,32
DA:328,96
DA:329,160
DA:331,32
DA:332,0
DA:334,32
DA:337,32
DA:338,96
DA:339,448
DA:340,768
DA:341,768
DA:342,192
DA:343,576
DA:345,144
DA:347,384
DA:349,32
DA:357,22
DA:358,88
DA:360,66
DA:361,22
DA:365,44
DA:366,22
DA:367,22
DA:368,44
DA:370,88
DA:371,22
DA:379,24
DA:380,96
DA:381,24
DA:382,96
DA:383,32
DA:384,4
DA:386,20
DA:389,0
DA:398,2
DA:399,4
DA:400,6
DA:401,2
DA:402,8
DA:405,2
DA:406,8
DA:409,6
DA:410,6
DA:411,2
DA:412,2
DA:414,4
DA:415,2
DA:416,2
DA:417,4
DA:419,2
DA:420,8
DA:422,2
DA:431,6
DA:432,12
DA:433,18
DA:434,6
DA:435,24
DA:436,6
DA:437,24
DA:439,6
DA:440,6
DA:441,12
DA:442,6
DA:443,6
DA:444,12
DA:446,6
DA:449,2
DA:450,2
DA:451,8
DA:452,2
DA:453,22
DA:454,2
DA:457,14
DA:458,56
DA:459,28
DA:460,69
DA:461,26
DA:462,39
DA:463,39
DA:466,14
DA:474,5
DA:475,20
DA:476,10
DA:477,23
DA:478,6
DA:479,15
DA:481,5
DA:492,9
DA:493,27
DA:494,2
DA:495,12
DA:496,16
DA:497,5
DA:498,4
DA:499,4
DA:500,4
DA:501,3
DA:502,4
DA:504,2
DA:507,18
DA:508,21
DA:509,60
DA:510,0
DA:512,32
DA:513,0
DA:515,14
DA:516,4
DA:518,0
DA:520,12
DA:521,12
DA:523,14
DA:525,0
DA:527,12
DA:528,12
DA:530,14
DA:532,0
DA:534,36
DA:535,14
DA:536,1
DA:539,9
DA:542,12
DA:543,12
DA:544,36
DA:545,36
DA:546,24
DA:550,12
DA:556,36
DA:557,96
DA:558,144
DA:559,144
DA:560,36
DA:561,72
DA:563,54
DA:565,72
DA:567,12
DA:575,4
DA:577,12
DA:578,4
DA:582,8
DA:583,4
DA:584,4
DA:585,8
DA:587,16
DA:588,4
DA:596,9
DA:597,36
DA:598,9
DA:599,36
DA:600,15
DA:601,4
DA:603,5
DA:606,0
DA:615,2
DA:616,4
DA:617,6
DA:618,2
DA:619,8
DA:620,2
DA:621,8
DA:624,6
DA:625,6
DA:626,2
DA:627,2
DA:629,4
DA:630,2
DA:631,2
DA:632,4
DA:634,2
DA:635,8
DA:637,2
DA:645,4
DA:646,8
DA:647,12
DA:648,4
DA:649,16
DA:650,4
DA:651,16
DA:653,4
DA:654,4
DA:655,8
DA:656,4
DA:657,4
DA:658,8
DA:660,4
DA:723,52
DA:724,52
DA:726,19
DA:727,19
DA:728,19
DA:730,95
DA:731,19
DA:733,4
DA:734,18
DA:735,36
DA:736,9
DA:738,14
DA:739,28
DA:740,7
DA:742,10
DA:743,25
DA:744,5
DA:747,1
DA:748,1
DA:749,1
DA:751,5
DA:752,1
DA:754,4
DA:755,8
DA:756,2
DA:759,2
DA:760,2
DA:761,2
DA:763,10
DA:764,2
DA:767,1
DA:768,1
DA:769,1
DA:771,5
DA:772,1
DA:774,4
DA:775,8
DA:776,2
LF:307
LH:297
end_of_record
TN:
SF:/home/jonathan/Projects/infovulcan/db/tests/consensus_test.rs
FN:15,wait_for_leader
FN:30,create_test_raft_node
FNF:2
FNDA:6,wait_for_leader
FNDA:4,create_test_raft_node
DA:15,6
DA:16,9
DA:18,6
DA:19,6
DA:20,3
DA:22,0
DA:25,3
DA:30,4
DA:31,4
DA:33,2
DA:34,2
DA:35,2
DA:36,2
DA:37,2
DA:39,2
DA:42,4
DA:43,6
DA:45,12
LF:18
LH:17
end_of_record
TN:
SF:/home/jonathan/Projects/infovulcan/db/tests/integration_test.rs
FN:20,helpers::create_test_raft_node
FN:38,helpers::wait_for_leader
FNF:2
FNDA:4,helpers::create_test_raft_node
FNDA:6,helpers::wait_for_leader
DA:20,4
DA:21,4
DA:23,2
DA:24,2
DA:25,2
DA:26,2
DA:27,2
DA:29,2
DA:32,4
DA:33,6
DA:35,12
DA:38,6
DA:39,9
DA:41,6
DA:42,6
DA:43,3
DA:45,0
DA:48,3
LF:18
LH:17
end_of_record
TN:
SF:/home/jonathan/Projects/infovulcan/db/tests/mtls.rs
FN:36,make_ca
FN:47,make_leaf
FN:60,build_pki
FN:69,make_db_service
FNF:4
FNDA:1,make_ca
FNDA:2,make_leaf
FNDA:1,build_pki
FNDA:2,make_db_service
DA:36,1
DA:37,4
DA:38,1
DA:39,1
DA:40,1
DA:41,2
DA:42,3
DA:43,3
DA:44,4
DA:47,2
DA:48,12
DA:49,8
DA:50,6
DA:51,6
DA:52,6
DA:53,12
DA:55,6
DA:56,2
DA:60,1
DA:61,2
DA:63,5
DA:64,5
DA:65,1
DA:69,2
DA:70,3
DA:71,5
DA:72,4
DA:73,6
DA:74,1
DA:76,2
DA:77,2
DA:78,4
DA:79,4
DA:80,3
LF:34
LH:34
end_of_record
TN:
SF:/home/jonathan/Projects/infovulcan/db/tests/multi_node_test.rs
FN:30,MultiNodeTestHarness::new
FN:60,MultiNodeTestHarness::get_node
FN:65,MultiNodeTestHarness::node_ids
FN:71,MultiNodeTestHarness::wait_for_leader_election
FN:81,MultiNodeTestHarness::partition_network
FN:87,MultiNodeTestHarness::heal_network
FN:93,MultiNodeTestHarness::get_cluster_metrics
FNF:7
FNDA:12,MultiNodeTestHarness::new
FNDA:9,MultiNodeTestHarness::get_node
FNDA:12,MultiNodeTestHarness::node_ids
FNDA:1,MultiNodeTestHarness::wait_for_leader_election
FNDA:2,MultiNodeTestHarness::partition_network
FNDA:2,MultiNodeTestHarness::heal_network
FNDA:2,MultiNodeTestHarness::get_cluster_metrics
DA:30,12
DA:31,12
DA:32,12
DA:35,54
DA:36,72
DA:39,30
DA:42,54
DA:43,120
DA:46,48
DA:50,72
DA:60,9
DA:61,27
DA:65,12
DA:66,48
DA:71,1
DA:77,1
DA:81,2
DA:87,2
DA:93,2
DA:95,2
DA:96,1
LF:21
LH:21
end_of_record
TN:
SF:/home/jonathan/Projects/infovulcan/db/tests/pqc_wire.rs
FN:22,make_db_service
FNF:1
FNDA:2,make_db_service
DA:22,2
DA:23,3
DA:24,5
DA:25,4
DA:26,6
DA:27,1
DA:29,2
DA:30,2
DA:31,4
DA:32,4
DA:33,3
LF:11
LH:11
end_of_record
TN:
SF:/home/jonathan/Projects/infovulcan/honeypot/src/reporter.rs
FN:26,IntrusionEvent::new
FN:39,IntrusionEvent::report
FN:45,IntrusionEvent::to_proto
FN:72,Reporter::from_env
FN:82,Reporter::with_client
FN:89,Reporter::report
FNF:6
FNDA:8,IntrusionEvent::new
FNDA:7,IntrusionEvent::report
FNDA:3,IntrusionEvent::to_proto
FNDA:0,Reporter::from_env
FNDA:2,Reporter::with_client
FNDA:12,Reporter::report
DA:26,8
DA:28,16
DA:39,7
DA:40,7
DA:45,3
DA:46,6
DA:47,3
DA:48,3
DA:49,15
DA:52,9
DA:53,9
DA:54,9
DA:55,9
DA:56,9
DA:57,3
DA:72,0
DA:73,0
DA:75,0
DA:76,0
DA:82,2
DA:84,2
DA:89,12
DA:90,12
DA:91,8
DA:92,6
DA:93,10
DA:94,0
LF:27
LH:22
end_of_record
TN:
SF:/home/jonathan/Projects/infovulcan/honeypot/src/service.rs
FN:28,HoneypotServiceImpl::new
FN:33,HoneypotServiceImpl::capture
FNF:2
FNDA:6,HoneypotServiceImpl::new
FNDA:6,HoneypotServiceImpl::capture
DA:28,6
DA:33,6
DA:34,12
DA:36,18
DA:37,12
DA:40,6
DA:41,6
DA:42,42
DA:43,12
DA:44,6
DA:80,4
DA:81,4
DA:82,8
DA:83,12
DA:84,4
DA:106,144
DA:107,432
DA:108,144
DA:109,144
LF:19
LH:19
end_of_record
TN:
SF:/home/jonathan/Projects/infovulcan/honeypot/src/traps.rs
FN:11,generate_fake_wallet
FN:17,generate_fake_backup_list
FN:28,generate_junk_data
FNF:3
FNDA:4,generate_fake_wallet
FNDA:2,generate_fake_backup_list
FNDA:1,generate_junk_data
DA:11,4
DA:12,8
DA:17,2
DA:18,2
DA:19,4
DA:20,4
DA:21,4
DA:22,4
DA:28,1
DA:29,2
LF:10
LH:10
end_of_record
TN:
SF:/home/jonathan/Projects/infovulcan/honeypot/tests/reporting.rs
FNF:0
DA:67,0
LF:1
LH:0
end_of_record
TN:
SF:/home/jonathan/Projects/infovulcan/lbrp/src/clients.rs
FN:18,CustodianClient::connect
FN:32,CustodianClient::reconnect
FN:39,CustodianClient::create_ticket
FN:48,CustodianClient::acquire_lock
FN:57,CustodianClient::release_lock
FN:66,CustodianClient::update_ticket
FN:75,CustodianClient::get_ticket
FN:81,CustodianClient::query_tickets
FN:94,CustodianClient::cluster_status
FN:110,AuthClient::connect
FN:120,AuthClient::reconnect
FN:135,AdminClient::connect
FN:145,AdminClient::reconnect
FN:160,DbClient::connect
FNF:14
FNDA:4,CustodianClient::connect
FNDA:2,CustodianClient::reconnect
FNDA:3,CustodianClient::create_ticket
FNDA:2,CustodianClient::acquire_lock
FNDA:2,CustodianClient::release_lock
FNDA:3,CustodianClient::update_ticket
FNDA:6,CustodianClient::get_ticket
FNDA:1,CustodianClient::query_tickets
FNDA:8,CustodianClient::cluster_status
FNDA:4,AuthClient::connect
FNDA:6,AuthClient::reconnect
FNDA:4,AdminClient::connect
FNDA:2,AdminClient::reconnect
FNDA:4,DbClient::connect
DA:18,4
DA:19,6
DA:20,3
DA:21,1
DA:22,2
DA:32,2
DA:33,3
DA:34,2
DA:35,3
DA:36,1
DA:39,3
DA:43,6
DA:44,9
DA:45,1
DA:48,2
DA:52,4
DA:53,6
DA:54,1
DA:57,2
DA:61,4
DA:62,6
DA:63,1
DA:66,3
DA:70,6
DA:71,9
DA:72,1
DA:75,6
DA:76,6
DA:77,9
DA:78,1
DA:81,1
DA:85,2
DA:86,4
DA:87,2
DA:88,10
DA:89,4
DA:91,1
DA:94,8
DA:95,8
DA:96,10
DA:97,4
DA:98,6
DA:99,2
DA:110,4
DA:111,6
DA:112,3
DA:113,1
DA:114,2
DA:120,6
DA:121,9
DA:122,6
DA:123,9
DA:124,3
DA:135,4
DA:136,6
DA:137,3
DA:138,1
DA:139,2
DA:145,2
DA:146,3
DA:147,2
DA:148,3
DA:149,1
DA:160,4
DA:161,6
DA:162,3
DA:163,1
DA:164,2
LF:68
LH:68
end_of_record
TN:
SF:/home/jonathan/Projects/infovulcan/lbrp/src/discovery.rs
FN:33,BackendAddrs::from_registry
FN:49,BackendAddrs::from_env_registry
FN:69,apply_changes
FN:117,reload_once
FN:142,spawn_reloader
FNF:5
FNDA:6,BackendAddrs::from_registry
FNDA:3,BackendAddrs::from_env_registry
FNDA:4,apply_changes
FNDA:3,reload_once
FNDA:0,spawn_reloader
DA:33,6
DA:40,36
DA:41,36
DA:42,24
DA:49,3
DA:50,9
DA:51,9
DA:52,9
DA:53,24
DA:69,4
DA:74,8
DA:76,4
DA:77,12
DA:79,3
DA:80,6
DA:82,0
DA:83,0
DA:87,4
DA:88,4
DA:90,1
DA:91,3
DA:93,0
DA:94,0
DA:98,4
DA:99,4
DA:101,1
DA:102,3
DA:104,0
DA:105,0
DA:110,4
DA:117,3
DA:122,3
DA:123,2
DA:124,6
DA:125,2
DA:126,1
DA:128,5
DA:129,1
DA:130,1
DA:132,1
DA:134,1
DA:135,1
DA:136,1
DA:142,0
DA:148,0
DA:149,0
DA:150,0
DA:152,0
DA:154,0
DA:155,0
LF:50
LH:37
end_of_record
TN:
SF:/home/jonathan/Projects/infovulcan/lbrp/src/error.rs
FN:22,ApiError::new
FN:31,ApiError::unauthorized
FN:36,ApiError::internal
FN:41,ApiError::not_found
FN:58,<impl IntoResponse for ApiError>::into_response
FN:70,<impl From for ApiError>::from
FNF:6
FNDA:10,ApiError::new
FNDA:1,ApiError::unauthorized
FNDA:2,ApiError::internal
FNDA:1,ApiError::not_found
FNDA:4,<impl IntoResponse for ApiError>::into_response
FNDA:6,<impl From for ApiError>::from
DA:22,10
DA:26,10
DA:31,1
DA:32,2
DA:36,2
DA:37,4
DA:41,1
DA:42,2
DA:58,4
DA:60,4
DA:65,8
DA:70,6
DA:71,18
DA:72,1
DA:73,0
DA:74,1
DA:75,1
DA:76,2
DA:77,1
DA:79,30
LF:20
LH:19
end_of_record
TN:
SF:/home/jonathan/Projects/infovulcan/lbrp/src/middleware.rs
FN:23,auth_middleware
FNF:1
FNDA:7,auth_middleware
DA:23,7
DA:28,14
DA:30,14
DA:31,22
DA:33,12
DA:34,2
DA:37,5
DA:38,1
DA:41,8
DA:44,4
DA:45,4
DA:46,4
DA:48,4
DA:51,12
DA:53,12
LF:15
LH:15
end_of_record
TN:
SF:/home/jonathan/Projects/infovulcan/lbrp/src/routes.rs
FN:52,map_next_action
FN:84,map_ticket
FN:95,login
FN:133,create_user
FN:163,create_ticket
FN:192,get_ticket
FN:218,list_tickets
FN:249,update_ticket
FN:289,health
FN:308,app
FN:337,cors_layer
FNF:11
FNDA:6,map_next_action
FNDA:6,map_ticket
FNDA:6,login
FNDA:2,create_user
FNDA:2,create_ticket
FNDA:2,get_ticket
FNDA:1,list_tickets
FNDA:2,update_ticket
FNDA:4,health
FNDA:7,app
FNDA:7,cors_layer
DA:52,6
DA:56,12
DA:57,0
DA:58,0
DA:59,0
DA:60,0
DA:61,0
DA:62,0
DA:63,0
DA:64,0
DA:65,0
DA:67,0
DA:68,0
DA:84,6
DA:86,12
DA:87,12
DA:88,12
DA:89,12
DA:90,12
DA:91,6
DA:95,6
DA:99,12
DA:102,12
DA:103,12
DA:104,6
DA:107,24
DA:108,4
DA:109,8
DA:112,6
DA:113,2
DA:114,1
DA:115,1
DA:118,1
DA:133,2
DA:137,4
DA:140,4
DA:141,4
DA:142,4
DA:143,2
DA:144,2
DA:147,8
DA:149,1
DA:163,2
DA:169,4
DA:170,4
DA:171,4
DA:172,4
DA:173,4
DA:174,4
DA:180,2
DA:183,5
DA:184,4
DA:185,4
DA:186,2
DA:187,6
DA:189,1
DA:192,2
DA:196,4
DA:198,5
DA:199,4
DA:200,4
DA:201,2
DA:202,6
DA:204,1
DA:218,1
DA:223,2
DA:224,2
DA:225,2
DA:226,2
DA:227,3
DA:228,1
DA:231,3
DA:232,2
DA:233,2
DA:234,1
DA:235,1
DA:237,6
DA:238,1
DA:249,2
DA:257,4
DA:258,4
DA:260,4
DA:261,4
DA:265,4
DA:268,2
DA:271,5
DA:272,4
DA:273,4
DA:274,2
DA:275,6
DA:277,1
DA:289,4
DA:290,4
DA:292,10
DA:293,4
DA:294,4
DA:295,4
DA:298,4
DA:299,6
DA:300,4
DA:301,1
DA:303,1
DA:305,4
DA:308,7
DA:309,35
DA:313,35
DA:315,14
DA:316,28
DA:317,28
DA:318,14
DA:319,14
DA:323,7
DA:324,21
DA:325,21
DA:326,21
DA:327,21
DA:328,14
DA:330,14
DA:332,14
DA:337,7
DA:339,14
DA:340,28
DA:341,14
DA:342,7
DA:343,0
DA:344,0
DA:346,0
DA:348,0
DA:350,21
LF:129
LH:114
end_of_record
TN:
SF:/home/jonathan/Projects/infovulcan/proto/src/pqc.rs
FN:35,enabled
FN:44,seal
FN:55,open
FN:76,KyberCodec<E,D>::new
FN:99,<impl Encoder for KyberEncoder<E>>::encode
FN:112,<impl Decoder for KyberDecoder<D>>::decode
FN:134,<impl Codec for KyberCodec<E,D>>::encoder
FN:141,<impl Codec for KyberCodec<E,D>>::decoder
FNF:8
FNDA:1,enabled
FNDA:5,seal
FNDA:4,open
FNDA:1,KyberCodec<E,D>::new
FNDA:0,<impl Encoder for KyberEncoder<E>>::encode
FNDA:0,<impl Decoder for KyberDecoder<D>>::decode
FNDA:1,<impl Codec for KyberCodec<E,D>>::encoder
FNDA:1,<impl Codec for KyberCodec<E,D>>::decoder
DA:35,1
DA:36,2
DA:44,5
DA:45,19
DA:46,7
DA:47,12
DA:55,4
DA:56,8
DA:57,12
DA:58,12
DA:59,5
DA:76,1
DA:78,3
DA:79,2
DA:99,0
DA:100,0
DA:101,0
DA:102,0
DA:103,0
DA:104,0
DA:112,0
DA:113,0
DA:114,0
DA:116,0
DA:117,0
DA:118,0
DA:119,0
DA:120,0
DA:121,0
DA:122,0
DA:134,1
DA:136,2
DA:141,1
DA:143,2
LF:34
LH:18
end_of_record
TN:
SF:/home/jonathan/Projects/infovulcan/proto/src/tls.rs
FN:25,read
FN:31,enabled
FN:40,server_config_from_pem
FN:49,client_config_from_pem
FN:66,server_config
FN:81,client_config
FN:97,apply_server_tls
FN:104,to_https
FN:115,endpoint
FN:132,connect
FN:141,connect_lazy
FNF:11
FNDA:68,read
FNDA:279,enabled
FNDA:13,server_config_from_pem
FNDA:17,client_config_from_pem
FNDA:14,server_config
FNDA:260,client_config
FNDA:5,apply_server_tls
FNDA:11,to_https
FNDA:255,endpoint
FNDA:304,connect
FNDA:97,connect_lazy
DA:25,68
DA:26,208
DA:31,279
DA:32,558
DA:33,56
DA:34,56
DA:40,13
DA:41,13
DA:42,52
DA:43,39
DA:49,17
DA:55,17
DA:56,51
DA:57,51
DA:58,68
DA:66,14
DA:67,14
DA:68,2
DA:70,36
DA:71,36
DA:72,24
DA:73,24
DA:81,260
DA:82,260
DA:83,248
DA:85,36
DA:86,36
DA:87,36
DA:88,36
DA:89,48
DA:97,5
DA:98,5
DA:99,16
DA:100,1
DA:104,11
DA:105,22
DA:106,24
DA:115,255
DA:116,255
DA:117,8
DA:118,32
DA:120,16
DA:121,8
DA:123,989
DA:132,304
DA:133,652
DA:141,97
DA:142,291
LF:48
LH:48
end_of_record
TN:
SF:/home/jonathan/Projects/infovulcan/proto/tests/tls_env.rs
FN:9,write_pki
FNF:1
FNDA:1,write_pki
DA:9,1
DA:10,3
DA:11,5
DA:13,2
DA:15,3
DA:16,3
DA:17,3
DA:18,5
DA:19,5
DA:20,5
DA:22,3
DA:23,3
DA:24,1
LF:13
LH:13
end_of_record
TN:
SF:/home/jonathan/Projects/infovulcan/shared/src/discovery.rs
FN:40,ServiceRegistry::from_toml_str
FN:51,ServiceRegistry::load
FN:61,ServiceRegistry::get
FN:67,ServiceRegistry::len
FN:73,ServiceRegistry::is_empty
FN:83,ServiceRegistry::resolve
FN:94,ServiceRegistry::resolve_with
FNF:7
FNDA:32,ServiceRegistry::from_toml_str
FNDA:5,ServiceRegistry::load
FNDA:76,ServiceRegistry::get
FNDA:2,ServiceRegistry::len
FNDA:3,ServiceRegistry::is_empty
FNDA:1,ServiceRegistry::resolve
FNDA:77,ServiceRegistry::resolve_with
DA:40,32
DA:41,64
DA:42,33
DA:51,5
DA:52,15
DA:53,20
DA:54,4
DA:56,6
DA:61,76
DA:62,304
DA:67,2
DA:68,4
DA:73,3
DA:74,6
DA:83,1
DA:84,4
DA:85,6
DA:94,77
DA:100,83
DA:101,6
DA:103,10
DA:105,216
DA:106,170
LF:23
LH:23
end_of_record
TN:
SF:/home/jonathan/Projects/infovulcan/shared/src/encryption.rs
FN:45,<impl Serialize for EncryptionAlgorithm>::serialize
FN:57,<impl Deserialize for EncryptionAlgorithm>::deserialize
FN:86,<impl Debug for EncryptedData>::fmt
FN:109,EncryptionService::encrypt_with_password
FN:120,EncryptionService::encrypt_with_password_and_algorithm
FN:150,EncryptionService::decrypt_with_password
FN:170,EncryptionService::generate_keypair
FN:180,EncryptionService::encrypt_with_public_key
FN:195,EncryptionService::encrypt_with_public_key_and_algorithm
FN:234,EncryptionService::decrypt_with_private_key
FN:274,EncryptionService::derive_key_from_password
FN:298,EncryptionService::encrypt_symmetric
FN:332,EncryptionService::decrypt_symmetric
FNF:13
FNDA:121,<impl Serialize for EncryptionAlgorithm>::serialize
FNDA:78,<impl Deserialize for EncryptionAlgorithm>::deserialize
FNDA:2,<impl Debug for EncryptedData>::fmt
FNDA:5,EncryptionService::encrypt_with_password
FNDA:7,EncryptionService::encrypt_with_password_and_algorithm
FNDA:7,EncryptionService::decrypt_with_password
FNDA:141,EncryptionService::generate_keypair
FNDA:162,EncryptionService::encrypt_with_public_key
FNDA:164,EncryptionService::encrypt_with_public_key_and_algorithm
FNDA:93,EncryptionService::decrypt_with_private_key
FNDA:20,EncryptionService::derive_key_from_password
FNDA:165,EncryptionService::encrypt_symmetric
FNDA:94,EncryptionService::decrypt_symmetric
DA:45,121
DA:49,363
DA:50,1
DA:51,120
DA:57,78
DA:61,234
DA:62,78
DA:63,1
DA:64,76
DA:65,1
DA:86,2
DA:87,8
DA:88,8
DA:89,4
DA:90,5
DA:92,4
DA:93,5
DA:95,12
DA:96,8
DA:109,5
DA:113,20
DA:120,7
DA:126,14
DA:127,28
DA:128,0
DA:132,28
DA:135,42
DA:137,7
DA:138,14
DA:139,14
DA:140,14
DA:141,7
DA:142,7
DA:150,7
DA:155,28
DA:156,2
DA:160,20
DA:163,20
DA:170,141
DA:171,423
DA:173,423
DA:180,162
DA:185,162
DA:186,162
DA:187,162
DA:195,164
DA:201,164
DA:202,12
DA:203,6
DA:204,6
DA:205,6
DA:210,948
DA:211,0
DA:216,474
DA:219,948
DA:221,158
DA:222,316
DA:223,316
DA:224,316
DA:225,158
DA:226,158
DA:234,93
DA:239,372
DA:240,2
DA:241,2
DA:246,91
DA:247,4
DA:248,2
DA:249,2
DA:250,2
DA:255,445
DA:256,0
DA:260,267
DA:263,356
DA:274,20
DA:280,60
DA:281,20
DA:285,100
DA:287,40
DA:288,20
DA:289,80
DA:290,20
DA:291,0
DA:294,20
DA:298,165
DA:303,165
DA:305,8
DA:306,6
DA:307,4
DA:309,12
DA:310,0
DA:313,2
DA:316,652
DA:317,489
DA:318,326
DA:320,978
DA:321,0
DA:322,0
DA:326,163
DA:332,94
DA:337,94
DA:339,8
DA:340,6
DA:342,2
DA:343,8
DA:344,2
DA:345,0
DA:346,0
DA:351,368
DA:352,276
DA:354,92
DA:355,368
DA:356,98
DA:357,6
DA:358,6
LF:115
LH:106
end_of_record
TN:
SF:/home/jonathan/Projects/infovulcan/shared/src/key_store.rs
FN:27,load_or_generate_keypair
FNF:1
FNDA:22,load_or_generate_keypair
DA:27,22
DA:28,66
DA:30,22
DA:31,9
DA:32,27
DA:33,9
DA:34,45
DA:35,0
DA:37,9
DA:40,13
DA:41,26
DA:42,13
DA:43,52
DA:44,39
DA:45,13
DA:46,13
DA:47,13
LF:17
LH:16
end_of_record
TN:
SF:/home/jonathan/Projects/infovulcan/shared/src/ticket.rs
FN:18,MacAddress::new
FN:42,MacAddress::as_str
FN:48,<impl Display for MacAddress>::fmt
FN:111,NetworkDevice::device_type
FN:126,NetworkDevice::make_model
FN:141,NetworkDevice::mac_address
FN:183,Symptom::from_u8
FN:220,TicketPriority::from_u8
FN:252,TicketStatus::from_u8
FN:270,TicketStatus::requires_resolution
FN:276,TicketStatus::requires_next_action
FN:285,TicketStatus::is_terminal
FN:296,TicketStatus::allowed_transitions
FN:347,TicketStatus::can_transition_to
FN:369,Resolution::from_u8
FN:411,AutoCloseSchedule::calculate_close_time
FN:513,Ticket::new
FN:552,Ticket::format_tracking_update
FN:599,Ticket::validate
FNF:19
FNDA:19,MacAddress::new
FNDA:2,MacAddress::as_str
FNDA:7,<impl Display for MacAddress>::fmt
FNDA:8,NetworkDevice::device_type
FNDA:11,NetworkDevice::make_model
FNDA:6,NetworkDevice::mac_address
FNDA:21,Symptom::from_u8
FNDA:11,TicketPriority::from_u8
FNDA:12,TicketStatus::from_u8
FNDA:8,TicketStatus::requires_resolution
FNDA:9,TicketStatus::requires_next_action
FNDA:2,TicketStatus::is_terminal
FNDA:12,TicketStatus::allowed_transitions
FNDA:14,TicketStatus::can_transition_to
FNDA:9,Resolution::from_u8
FNDA:4,AutoCloseSchedule::calculate_close_time
FNDA:26,Ticket::new
FNDA:4,Ticket::format_tracking_update
FNDA:5,Ticket::validate
DA:18,19
DA:20,76
DA:21,76
DA:23,19
DA:24,3
DA:25,3
DA:29,107
DA:30,635
DA:31,1
DA:32,1
DA:37,15
DA:42,2
DA:43,2
DA:48,7
DA:49,14
DA:111,8
DA:112,8
DA:113,1
DA:114,1
DA:115,1
DA:116,1
DA:117,1
DA:118,1
DA:119,1
DA:120,1
DA:126,11
DA:127,11
DA:128,4
DA:129,4
DA:130,4
DA:131,2
DA:132,2
DA:133,2
DA:134,2
DA:135,13
DA:141,6
DA:142,6
DA:143,1
DA:144,2
DA:145,2
DA:146,0
DA:147,0
DA:148,0
DA:149,0
DA:150,13
DA:183,21
DA:184,21
DA:185,1
DA:186,1
DA:187,1
DA:188,1
DA:189,1
DA:190,1
DA:191,1
DA:192,1
DA:193,1
DA:194,1
DA:195,1
DA:196,1
DA:197,1
DA:198,1
DA:199,1
DA:200,6
DA:220,11
DA:221,11
DA:222,1
DA:223,1
DA:224,1
DA:225,1
DA:226,1
DA:227,6
DA:252,12
DA:253,12
DA:254,1
DA:255,1
DA:256,1
DA:257,1
DA:258,1
DA:259,1
DA:260,1
DA:261,1
DA:262,1
DA:263,1
DA:264,2
DA:270,8
DA:271,12
DA:276,9
DA:277,3
DA:278,9
DA:285,2
DA:286,2
DA:296,12
DA:301,12
DA:302,3
DA:303,3
DA:304,3
DA:305,3
DA:306,3
DA:307,3
DA:308,3
DA:309,3
DA:310,3
DA:311,3
DA:312,3
DA:314,0
DA:315,0
DA:316,0
DA:317,0
DA:318,0
DA:319,0
DA:320,0
DA:321,0
DA:323,0
DA:324,0
DA:325,0
DA:326,0
DA:327,0
DA:328,0
DA:329,0
DA:330,0
DA:331,0
DA:332,0
DA:334,0
DA:335,0
DA:336,3
DA:337,0
DA:339,6
DA:347,14
DA:348,44
DA:369,9
DA:370,9
DA:371,1
DA:372,1
DA:373,1
DA:374,1
DA:375,1
DA:376,1
DA:377,1
DA:378,2
DA:411,4
DA:412,8
DA:413,4
DA:415,3
DA:416,2
DA:419,3
DA:421,1
DA:422,1
DA:423,1
DA:513,26
DA:521,52
DA:541,52
DA:544,26
DA:546,26
DA:552,4
DA:559,8
DA:560,20
DA:561,20
DA:564,12
DA:565,4
DA:567,9
DA:568,2
DA:569,5
DA:575,7
DA:576,6
DA:577,3
DA:578,9
DA:579,9
DA:583,12
DA:584,2
DA:586,6
DA:589,4
DA:599,5
DA:601,14
DA:602,1
DA:603,1
DA:604,1
DA:608,11
DA:609,1
DA:610,1
DA:611,1
DA:615,3
LF:181
LH:156
end_of_record
TN:
SF:/home/jonathan/Projects/infovulcan/shared/src/user.rs
FN:22,Role::is_admin
FN:28,Role::can_modify_tickets
FN:37,Role::can_manage_users
FN:106,User::new
FN:124,User::has_permission
FN:154,Session::new
FN:169,Session::is_valid
FN:175,Session::is_fully_authenticated
FNF:8
FNDA:18,Role::is_admin
FNDA:6,Role::can_modify_tickets
FNDA:9,Role::can_manage_users
FNDA:12,User::new
FNDA:12,User::has_permission
FNDA:4,Session::new
FNDA:3,Session::is_valid
FNDA:3,Session::is_fully_authenticated
DA:22,18
DA:23,27
DA:28,6
DA:29,2
DA:30,6
DA:37,9
DA:38,15
DA:106,12
DA:107,24
DA:109,24
DA:124,12
DA:125,12
DA:126,1
DA:130,22
DA:131,6
DA:135,5
DA:154,4
DA:155,8
DA:157,8
DA:160,12
DA:169,3
DA:170,3
DA:175,3
DA:176,3
LF:24
LH:24
end_of_record
